/tmp/tmp.4OtUfdbVyD/Samsung_location_NoE2E_server_privacy.spthy.gs
Starting the transformation...
Parsing the file...
Writing in the output file...
Translation complete !
Process 0 (that is, the initial process):
{1}!
{2}new pre_app_ch1_1: channel;
{3}new pre_app_ch2_1: channel;
{4}new owner_account_1: bitstring;
{5}new encryption_key_1: bitstring;
{6}new seed_1: bitstring;
{7}new privacyIV_1: bitstring;
(
    {8}new rand2_1: bitstring;
    {9}let privKey_1: bitstring = derive_key(encryption_key_1,privacy_const) in
    {10}let seedi_1: bitstring = (rand2_1,(seed_1,rand2_1)) in
    {11}let privId_1: bitstring = AES_enc(seedi_1,privKey_1,privacyIV_1) in
    {12}out(att, (privId_1,(Mode_NoE2E,adv)))
) | (
    {13}event Secret(location_plain);
    {14}in(att, (privId: bitstring,(E2EMode_1: bitstring,=adv)));
    {15}if (E2EMode_1 = Mode_NoE2E) then
    {16}out(pre_app_ch2_1, (privId,(E2EMode_1,(location_plain,location_report_NoE2E))))
) | (
    {17}if (Mode_NoE2E = Mode_NoE2E) then
    {18}in(pre_app_ch2_1, (privId_2: bitstring,(E2EMode_2: bitstring,(location_1: bitstring,=location_report_NoE2E))));
    {19}out(att, (privId_2,(E2EMode_2,(location_1,location_report_NoE2E_privacy))));
    {20}out(pre_app_ch1_1, (location_1,location_NoE2E))
) | (
    {21}if (Mode_NoE2E = Mode_NoE2E) then
    {22}in(pre_app_ch1_1, (location: bitstring,=location_NoE2E));
    {23}let loc_1: bitstring = location in
    0
)

--  Process 1 (that is, process 0, with let moved downwards):
{1}!
{2}new pre_app_ch1_1: channel;
{3}new pre_app_ch2_1: channel;
{4}new owner_account_1: bitstring;
{5}new encryption_key_1: bitstring;
{6}new seed_1: bitstring;
{7}new privacyIV_1: bitstring;
(
    {8}new rand2_1: bitstring;
    {10}let seedi_1: bitstring = (rand2_1,(seed_1,rand2_1)) in
    {9}let privKey_1: bitstring = derive_key(encryption_key_1,privacy_const) in
    {11}let privId_1: bitstring = AES_enc(seedi_1,privKey_1,privacyIV_1) in
    {12}out(att, (privId_1,(Mode_NoE2E,adv)))
) | (
    {13}event Secret(location_plain);
    {14}in(att, (privId: bitstring,(E2EMode_1: bitstring,=adv)));
    {15}if (E2EMode_1 = Mode_NoE2E) then
    {16}out(pre_app_ch2_1, (privId,(E2EMode_1,(location_plain,location_report_NoE2E))))
) | (
    {17}if (Mode_NoE2E = Mode_NoE2E) then
    {18}in(pre_app_ch2_1, (privId_2: bitstring,(E2EMode_2: bitstring,(location_1: bitstring,=location_report_NoE2E))));
    {19}out(att, (privId_2,(E2EMode_2,(location_1,location_report_NoE2E_privacy))));
    {20}out(pre_app_ch1_1, (location_1,location_NoE2E))
) | (
    {21}if (Mode_NoE2E = Mode_NoE2E) then
    {22}in(pre_app_ch1_1, (location: bitstring,=location_NoE2E))
)

-- Query not attacker(location_plain) in process 1.
Translating the process into Horn clauses...
Completing...
Starting query not attacker(location_plain)
goal reachable: attacker(privId_3) && begin(@p_act(@occ14_1,(privId_3,(Mode_NoE2E,adv[])))) && begin(@p_act(@occ18_1,(privId_3,(Mode_NoE2E,(location_plain,location_report_NoE2E[]))))) -> attacker(location_plain)
Abbreviations:
@occ14_1 = @occ14[!1 = @sid]
@occ18_1 = @occ18[!1 = @sid]

Derivation:
Abbreviations:
pre_app_ch2 = pre_app_ch2_1[!1 = @sid]
@occ14_1 = @occ14[!1 = @sid]
@occ18_1 = @occ18[!1 = @sid]

1. The attacker initially knows adv[].
attacker(adv[]).

2. Using the function Mode_NoE2E the attacker may obtain Mode_NoE2E.
attacker(Mode_NoE2E).

3. By 2, the attacker may know Mode_NoE2E.
By 1, the attacker may know adv[].
Using the function 2-tuple the attacker may obtain (Mode_NoE2E,adv[]).
attacker((Mode_NoE2E,adv[])).

4. We assume as hypothesis that
attacker(privId_3).

5. By 4, the attacker may know privId_3.
By 3, the attacker may know (Mode_NoE2E,adv[]).
Using the function 2-tuple the attacker may obtain (privId_3,(Mode_NoE2E,adv[])).
attacker((privId_3,(Mode_NoE2E,adv[]))).

6. The event @p_act(@occ14_1,(privId_3,(Mode_NoE2E,adv[]))) records how variables are instantiated at {14}.
The message (privId_3,(Mode_NoE2E,adv[])) that the attacker may have by 5 may be received at input {14}.
So the message (privId_3,(Mode_NoE2E,(location_plain,location_report_NoE2E[]))) may be sent on channel pre_app_ch2 at output {16}.
mess(pre_app_ch2,(privId_3,(Mode_NoE2E,(location_plain,location_report_NoE2E[])))).

7. The event @p_act(@occ18_1,(privId_3,(Mode_NoE2E,(location_plain,location_report_NoE2E[])))) records how variables are instantiated at {18}.
The message (privId_3,(Mode_NoE2E,(location_plain,location_report_NoE2E[]))) that may be sent on channel pre_app_ch2 by 6 may be received at input {18}.
So the message (privId_3,(Mode_NoE2E,(location_plain,location_report_NoE2E_privacy[]))) may be sent to the attacker at output {19}.
attacker((privId_3,(Mode_NoE2E,(location_plain,location_report_NoE2E_privacy[])))).

8. By 7, the attacker may know (privId_3,(Mode_NoE2E,(location_plain,location_report_NoE2E_privacy[]))).
Using the function 2-proj-2-tuple the attacker may obtain (Mode_NoE2E,(location_plain,location_report_NoE2E_privacy[])).
attacker((Mode_NoE2E,(location_plain,location_report_NoE2E_privacy[]))).

9. By 8, the attacker may know (Mode_NoE2E,(location_plain,location_report_NoE2E_privacy[])).
Using the function 2-proj-2-tuple the attacker may obtain (location_plain,location_report_NoE2E_privacy[]).
attacker((location_plain,location_report_NoE2E_privacy[])).

10. By 9, the attacker may know (location_plain,location_report_NoE2E_privacy[]).
Using the function 1-proj-2-tuple the attacker may obtain location_plain.
attacker(location_plain).

11. By 10, attacker(location_plain).
The goal is reached, represented in the following fact:
attacker(location_plain).


A more detailed output of the traces is available with
  set traceDisplay = long.

new pre_app_ch1_1: channel creating pre_app_ch1 at {2} in copy a

new pre_app_ch2_1: channel creating pre_app_ch2 at {3} in copy a

new owner_account_1: bitstring creating owner_account at {4} in copy a

new encryption_key_1: bitstring creating encryption_key at {5} in copy a

new seed_1: bitstring creating seed at {6} in copy a

new privacyIV_1: bitstring creating privacyIV at {7} in copy a

event Secret(location_plain) at {13} in copy a

new rand2_1: bitstring creating rand2 at {8} in copy a

out(att, (~M,(~M_1,~M_2))) with ~M = AES_enc((rand2,(seed,rand2)),derive_key(encryption_key,privacy_const),privacyIV), ~M_1 = Mode_NoE2E, ~M_2 = adv at {12} in copy a

in(att, (a_1,(Mode_NoE2E,adv))) at {14} in copy a

out(pre_app_ch2, (a_1,(Mode_NoE2E,(location_plain,location_report_NoE2E)))) at {16} in copy a received at {18} in copy a

out(att, (~M_3,(~M_4,(~M_5,~M_6)))) with ~M_3 = a_1, ~M_4 = Mode_NoE2E, ~M_5 = location_plain, ~M_6 = location_report_NoE2E_privacy at {19} in copy a

The attacker has the message ~M_5 = location_plain.
A trace has been found.
RESULT not attacker(location_plain) is false.

--------------------------------------------------------------
Verification summary:

Query not attacker(location_plain) is false.

--------------------------------------------------------------

